[2024/12/28 19:58:35]: §9          __             _       
[2024/12/28 19:58:35]: §9  _ __   / /  ___   __ _(_)_ __  
[2024/12/28 19:58:35]: §9 | '_ \ / /  / _ \ / _` | | '_ \ 
[2024/12/28 19:58:35]: §9 | | | / /__| (_) | (_| | | | | |
[2024/12/28 19:58:35]: §9 |_| |_\____/\___/ \__, |_|_| |_|
[2024/12/28 19:58:35]: §9                  |___/            
[2024/12/28 19:58:35]: §9 By: www.nickuc.com - V 10.4.18 DEVELOPMENT
[2024/12/28 19:58:35]: §9 
[2024/12/28 19:58:36]: §3[nLogin] [DEBUG] All settings were loaded in 256 ms.
[2024/12/28 19:58:36]: §3[nLogin] [DEBUG] Loading the messages_es.yml message file...
[2024/12/28 19:58:36]: §3[nLogin] [DEBUG] All plugin messages were loaded in 259 ms (languageByClient=false).
[2024/12/28 19:58:36]: §3[nLogin] [DEBUG] All proxy settings were loaded in 3 ms.
[2024/12/28 19:58:36]: §3[nLogin] [DEBUG] Loading database...
[2024/12/28 19:58:37]: §3[nLogin] [DEBUG] Starting logger filter...
[2024/12/28 19:59:06]: 
[2024/12/28 19:59:06]:  §bThank you so much for choosing nLogin! §4<3
[2024/12/28 19:59:06]: 
[2024/12/28 19:59:06]:  §4For your safety, please read the message below:
[2024/12/28 19:59:06]:   §cNever download nLogin from unknown sources.
[2024/12/28 19:59:06]:   §cA modified version may contain malicious software.
[2024/12/28 19:59:06]: 
[2024/12/28 19:59:06]:  §3Trusted sources:
[2024/12/28 19:59:06]:   §bwww.nickuc.com
[2024/12/28 19:59:06]:   §bwww.github.com/nickuc
[2024/12/28 19:59:06]:   §bOpeNLogin installer (from Spigot or GitHub)
[2024/12/28 19:59:06]: 
[2024/12/28 19:59:06]:  §3Official support channels:
[2024/12/28 19:59:06]:   §bDiscord group: §fwww.nickuc.com/discord
[2024/12/28 19:59:06]:   §bDocumentation: §fdocs.nickuc.com/nlogin/
[2024/12/28 19:59:06]:   §bEmail: §fsupport@nickuc.com
[2024/12/28 19:59:06]:   §bYouTube: §fyoutube.com/nickuc
[2024/12/28 19:59:06]: 
[2024/12/28 19:59:06]:  §eTo remove this warning, log in with "nlogin.admin" permission on the server
[2024/12/28 19:59:06]:  §eand click the "Setup plugin" button to configure your plugin.
[2024/12/28 19:59:07]: 
[2024/12/28 19:59:46]: [nLogin] Successful plugin core shutdown (took 0.00s)
