[2024/12/29 00:54:35]: §9          __             _       
[2024/12/29 00:54:35]: §9  _ __   / /  ___   __ _(_)_ __  
[2024/12/29 00:54:35]: §9 | '_ \ / /  / _ \ / _` | | '_ \ 
[2024/12/29 00:54:35]: §9 | | | / /__| (_) | (_| | | | | |
[2024/12/29 00:54:35]: §9 |_| |_\____/\___/ \__, |_|_| |_|
[2024/12/29 00:54:35]: §9                  |___/            
[2024/12/29 00:54:35]: §9 By: www.nickuc.com - V 10.4.18 DEVELOPMENT
[2024/12/29 00:54:35]: §9 
[2024/12/29 00:54:36]: §3[nLogin] [DEBUG] All settings were loaded in 460 ms.
[2024/12/29 00:54:36]: §3[nLogin] [DEBUG] Loading the messages_es.yml message file...
[2024/12/29 00:54:36]: §3[nLogin] [DEBUG] All plugin messages were loaded in 251 ms (languageByClient=false).
[2024/12/29 00:54:36]: §3[nLogin] [DEBUG] All proxy settings were loaded in 3 ms.
[2024/12/29 00:54:36]: §3[nLogin] [DEBUG] Loading database...
[2024/12/29 00:54:37]: §3[nLogin] [DEBUG] Starting logger filter...
[2024/12/29 00:55:04]: 
[2024/12/29 00:55:04]:  §bThank you so much for choosing nLogin! §4<3
[2024/12/29 00:55:04]: 
[2024/12/29 00:55:04]:  §4For your safety, please read the message below:
[2024/12/29 00:55:04]:   §cNever download nLogin from unknown sources.
[2024/12/29 00:55:04]:   §cA modified version may contain malicious software.
[2024/12/29 00:55:04]: 
[2024/12/29 00:55:04]:  §3Trusted sources:
[2024/12/29 00:55:04]:   §bwww.nickuc.com
[2024/12/29 00:55:04]:   §bwww.github.com/nickuc
[2024/12/29 00:55:04]:   §bOpeNLogin installer (from Spigot or GitHub)
[2024/12/29 00:55:04]: 
[2024/12/29 00:55:04]:  §3Official support channels:
[2024/12/29 00:55:04]:   §bDiscord group: §fwww.nickuc.com/discord
[2024/12/29 00:55:04]:   §bDocumentation: §fdocs.nickuc.com/nlogin/
[2024/12/29 00:55:04]:   §bEmail: §fsupport@nickuc.com
[2024/12/29 00:55:04]:   §bYouTube: §fyoutube.com/nickuc
[2024/12/29 00:55:04]: 
[2024/12/29 00:55:04]:  §eTo remove this warning, log in with "nlogin.admin" permission on the server
[2024/12/29 00:55:04]:  §eand click the "Setup plugin" button to configure your plugin.
[2024/12/29 00:55:04]: 
[2024/12/29 00:56:39]: [nLogin] Successful plugin core shutdown (took 0.01s)
