[2024/12/28 19:06:52]: §9          __             _       
[2024/12/28 19:06:52]: §9  _ __   / /  ___   __ _(_)_ __  
[2024/12/28 19:06:52]: §9 | '_ \ / /  / _ \ / _` | | '_ \ 
[2024/12/28 19:06:52]: §9 | | | / /__| (_) | (_| | | | | |
[2024/12/28 19:06:52]: §9 |_| |_\____/\___/ \__, |_|_| |_|
[2024/12/28 19:06:52]: §9                  |___/            
[2024/12/28 19:06:52]: §9 By: www.nickuc.com - V 10.4.18 DEVELOPMENT
[2024/12/28 19:06:52]: §9 
[2024/12/28 19:06:52]: §3[nLogin] [DEBUG] All settings were loaded in 230 ms.
[2024/12/28 19:06:52]: §3[nLogin] [DEBUG] Loading the messages_es.yml message file...
[2024/12/28 19:06:52]: §3[nLogin] [DEBUG] All plugin messages were loaded in 249 ms (languageByClient=false).
[2024/12/28 19:06:52]: §3[nLogin] [DEBUG] All proxy settings were loaded in 3 ms.
[2024/12/28 19:06:52]: §3[nLogin] [DEBUG] Loading database...
[2024/12/28 19:06:53]: §3[nLogin] [DEBUG] Starting logger filter...
[2024/12/28 19:07:08]: 
[2024/12/28 19:07:08]:  §bThank you so much for choosing nLogin! §4<3
[2024/12/28 19:07:08]: 
[2024/12/28 19:07:08]:  §4For your safety, please read the message below:
[2024/12/28 19:07:08]:   §cNever download nLogin from unknown sources.
[2024/12/28 19:07:08]:   §cA modified version may contain malicious software.
[2024/12/28 19:07:08]: 
[2024/12/28 19:07:08]:  §3Trusted sources:
[2024/12/28 19:07:08]:   §bwww.nickuc.com
[2024/12/28 19:07:08]:   §bwww.github.com/nickuc
[2024/12/28 19:07:08]:   §bOpeNLogin installer (from Spigot or GitHub)
[2024/12/28 19:07:08]: 
[2024/12/28 19:07:08]:  §3Official support channels:
[2024/12/28 19:07:08]:   §bDiscord group: §fwww.nickuc.com/discord
[2024/12/28 19:07:08]:   §bDocumentation: §fdocs.nickuc.com/nlogin/
[2024/12/28 19:07:08]:   §bEmail: §fsupport@nickuc.com
[2024/12/28 19:07:08]:   §bYouTube: §fyoutube.com/nickuc
[2024/12/28 19:07:08]: 
[2024/12/28 19:07:08]:  §eTo remove this warning, log in with "nlogin.admin" permission on the server
[2024/12/28 19:07:08]:  §eand click the "Setup plugin" button to configure your plugin.
[2024/12/28 19:07:08]: 
[2024/12/28 19:09:39]: §3[nLogin] [DEBUG] [SQLite] [UPDATE]: "UPDATE `nlogin` SET `last_name` = 'AleKkSs01', `unique_id` = c155267bde09364f97ac430c17393b2c,  `mojang_id` = null,  `bedrock_id` = null,  `password` = '$2a$10$8N/m7Pw5izdpdqqCClaPSuf5KwI91Df0PngyrHkE7kAgxd6h1D/Te', `last_ip` = '127.13.82.192', `creation_date` = 2024-12-28 19:02:57.603, `last_seen` = 2024-12-28 19:09:39.125, `email` = null, `discord` = null, `settings` = '{"settings":[{"value":"es","key":"language"}],"version":0}' WHERE `ai` = 1" (applied to [last_ip, last_seen, settings] columns)
[2024/12/28 19:09:39]: [nLogin] The user AleKkSs01 has successfully logged in.
[2024/12/28 19:12:17]: §3[nLogin] [DEBUG] [SQLite] [UPDATE]: "UPDATE `nlogin` SET `last_name` = 'AleKkSs01', `unique_id` = c155267bde09364f97ac430c17393b2c,  `mojang_id` = null,  `bedrock_id` = null,  `password` = '$2a$10$8N/m7Pw5izdpdqqCClaPSuf5KwI91Df0PngyrHkE7kAgxd6h1D/Te', `last_ip` = '127.13.82.192', `creation_date` = 2024-12-28 19:02:57.603, `last_seen` = 2024-12-28 19:12:17.355, `email` = null, `discord` = null, `settings` = '{"settings":[{"value":"es","key":"language"}],"version":0}' WHERE `ai` = 1" (applied to [last_seen, settings] columns)
[2024/12/28 19:19:57]: [nLogin] Successful plugin core shutdown (took 0.00s)
