[2024/12/28 19:33:22]: §9          __             _       
[2024/12/28 19:33:22]: §9  _ __   / /  ___   __ _(_)_ __  
[2024/12/28 19:33:22]: §9 | '_ \ / /  / _ \ / _` | | '_ \ 
[2024/12/28 19:33:22]: §9 | | | / /__| (_) | (_| | | | | |
[2024/12/28 19:33:22]: §9 |_| |_\____/\___/ \__, |_|_| |_|
[2024/12/28 19:33:22]: §9                  |___/            
[2024/12/28 19:33:22]: §9 By: www.nickuc.com - V 10.4.18 DEVELOPMENT
[2024/12/28 19:33:22]: §9 
[2024/12/28 19:33:23]: §3[nLogin] [DEBUG] All settings were loaded in 218 ms.
[2024/12/28 19:33:23]: §3[nLogin] [DEBUG] Loading the messages_es.yml message file...
[2024/12/28 19:33:23]: §3[nLogin] [DEBUG] All plugin messages were loaded in 233 ms (languageByClient=false).
[2024/12/28 19:33:23]: §3[nLogin] [DEBUG] All proxy settings were loaded in 4 ms.
[2024/12/28 19:33:23]: §3[nLogin] [DEBUG] Loading database...
[2024/12/28 19:33:24]: §3[nLogin] [DEBUG] Starting logger filter...
[2024/12/28 19:33:39]: 
[2024/12/28 19:33:39]:  §bThank you so much for choosing nLogin! §4<3
[2024/12/28 19:33:39]: 
[2024/12/28 19:33:39]:  §4For your safety, please read the message below:
[2024/12/28 19:33:39]:   §cNever download nLogin from unknown sources.
[2024/12/28 19:33:39]:   §cA modified version may contain malicious software.
[2024/12/28 19:33:39]: 
[2024/12/28 19:33:39]:  §3Trusted sources:
[2024/12/28 19:33:39]:   §bwww.nickuc.com
[2024/12/28 19:33:39]:   §bwww.github.com/nickuc
[2024/12/28 19:33:39]:   §bOpeNLogin installer (from Spigot or GitHub)
[2024/12/28 19:33:39]: 
[2024/12/28 19:33:39]:  §3Official support channels:
[2024/12/28 19:33:39]:   §bDiscord group: §fwww.nickuc.com/discord
[2024/12/28 19:33:39]:   §bDocumentation: §fdocs.nickuc.com/nlogin/
[2024/12/28 19:33:39]:   §bEmail: §fsupport@nickuc.com
[2024/12/28 19:33:39]:   §bYouTube: §fyoutube.com/nickuc
[2024/12/28 19:33:39]: 
[2024/12/28 19:33:39]:  §eTo remove this warning, log in with "nlogin.admin" permission on the server
[2024/12/28 19:33:39]:  §eand click the "Setup plugin" button to configure your plugin.
[2024/12/28 19:33:39]: 
[2024/12/28 19:34:54]: §3[nLogin] [DEBUG] [SQLite] [UPDATE]: "UPDATE `nlogin` SET `last_name` = 'AleKkSs01', `unique_id` = c155267bde09364f97ac430c17393b2c,  `mojang_id` = null,  `bedrock_id` = null,  `password` = '$2a$10$8N/m7Pw5izdpdqqCClaPSuf5KwI91Df0PngyrHkE7kAgxd6h1D/Te', `last_ip` = '127.13.82.192', `creation_date` = 2024-12-28 19:02:57.603, `last_seen` = 2024-12-28 19:34:54.145, `email` = null, `discord` = null, `settings` = '{"settings":[{"value":"es","key":"language"}],"version":0}' WHERE `ai` = 1" (applied to [last_ip, last_seen, settings] columns)
[2024/12/28 19:34:54]: [nLogin] The user AleKkSs01 has successfully logged in.
[2024/12/28 19:37:40]: §3[nLogin] [DEBUG] [SQLite] [UPDATE]: "UPDATE `nlogin` SET `last_name` = 'AleKkSs01', `unique_id` = c155267bde09364f97ac430c17393b2c,  `mojang_id` = null,  `bedrock_id` = null,  `password` = '$2a$10$8N/m7Pw5izdpdqqCClaPSuf5KwI91Df0PngyrHkE7kAgxd6h1D/Te', `last_ip` = '127.13.82.192', `creation_date` = 2024-12-28 19:02:57.603, `last_seen` = 2024-12-28 19:37:40.712, `email` = null, `discord` = null, `settings` = '{"settings":[{"value":"es","key":"language"}],"version":0}' WHERE `ai` = 1" (applied to [last_seen, settings] columns)
[2024/12/28 19:48:04]: §3[nLogin] [DEBUG] [SQLite] [UPDATE]: "INSERT INTO `nlogin` (`last_name`, `unique_id`, `mojang_id`, `bedrock_id`, `password`, `last_ip`, `creation_date`, `last_seen`, `email`, `discord`, `settings`) VALUES ('wayuunaikii', 0c1f12db3a783f92981660f2f570a1a6, null, null, '$2a$10$LLbruiFjTbxDXRdlIlaEd.Jqx8bELFZ/13Oev68hGAAI.U9mYkWB.', '127.13.82.192', '2024-12-28 19:48:04.293', '2024-12-28 19:48:04.293', null, null, '{"settings":[{"value":true,"key":"force-invalid-session"}],"version":0}')" (applied to all columns)
[2024/12/28 19:48:04]: [nLogin] The user wayuunaikii has successfully registered.
[2024/12/28 19:49:00]: §3[nLogin] [DEBUG] [SQLite] [UPDATE]: "UPDATE `nlogin` SET `last_name` = 'AleKkSs01', `unique_id` = c155267bde09364f97ac430c17393b2c,  `mojang_id` = null,  `bedrock_id` = null,  `password` = '$2a$10$8N/m7Pw5izdpdqqCClaPSuf5KwI91Df0PngyrHkE7kAgxd6h1D/Te', `last_ip` = '127.13.82.192', `creation_date` = 2024-12-28 19:02:57.603, `last_seen` = 2024-12-28 19:49:00.096, `email` = null, `discord` = null, `settings` = '{"settings":[{"value":"es","key":"language"}],"version":0}' WHERE `ai` = 1" (applied to [last_ip, last_seen, settings] columns)
[2024/12/28 19:49:00]: [nLogin] The user AleKkSs01 has successfully logged in.
[2024/12/28 19:50:45]: §3[nLogin] [DEBUG] [SQLite] [UPDATE]: "UPDATE `nlogin` SET `last_name` = 'wayuunaikii', `unique_id` = 0c1f12db3a783f92981660f2f570a1a6,  `mojang_id` = null,  `bedrock_id` = null,  `password` = '$2a$10$LLbruiFjTbxDXRdlIlaEd.Jqx8bELFZ/13Oev68hGAAI.U9mYkWB.', `last_ip` = '127.13.82.192', `creation_date` = 2024-12-28 19:48:04.293, `last_seen` = 2024-12-28 19:50:45.074, `email` = null, `discord` = null, `settings` = '{"settings":[{"value":true,"key":"force-invalid-session"},{"value":"es","key":"language"}],"version":0}' WHERE `ai` = 2" (applied to [last_seen, settings] columns)
[2024/12/28 19:50:54]: §3[nLogin] [DEBUG] [SQLite] [UPDATE]: "UPDATE `nlogin` SET `last_name` = 'AleKkSs01', `unique_id` = c155267bde09364f97ac430c17393b2c,  `mojang_id` = null,  `bedrock_id` = null,  `password` = '$2a$10$8N/m7Pw5izdpdqqCClaPSuf5KwI91Df0PngyrHkE7kAgxd6h1D/Te', `last_ip` = '127.13.82.192', `creation_date` = 2024-12-28 19:02:57.603, `last_seen` = 2024-12-28 19:50:54.326, `email` = null, `discord` = null, `settings` = '{"settings":[{"value":"es","key":"language"}],"version":0}' WHERE `ai` = 1" (applied to [last_seen, settings] columns)
[2024/12/28 19:55:57]: [nLogin] Successful plugin core shutdown (took 0.00s)
