[2024/12/29 07:10:10]: §9          __             _       
[2024/12/29 07:10:10]: §9  _ __   / /  ___   __ _(_)_ __  
[2024/12/29 07:10:10]: §9 | '_ \ / /  / _ \ / _` | | '_ \ 
[2024/12/29 07:10:10]: §9 | | | / /__| (_) | (_| | | | | |
[2024/12/29 07:10:10]: §9 |_| |_\____/\___/ \__, |_|_| |_|
[2024/12/29 07:10:10]: §9                  |___/            
[2024/12/29 07:10:10]: §9 By: www.nickuc.com - V 10.4.18 DEVELOPMENT
[2024/12/29 07:10:10]: §9 
[2024/12/29 07:10:14]: §3[nLogin] [DEBUG] All settings were loaded in 4173 ms.
[2024/12/29 07:10:15]: §3[nLogin] [DEBUG] Loading the messages_es.yml message file...
[2024/12/29 07:10:15]: §3[nLogin] [DEBUG] All plugin messages were loaded in 959 ms (languageByClient=false).
[2024/12/29 07:10:15]: §3[nLogin] [DEBUG] All proxy settings were loaded in 3 ms.
[2024/12/29 07:10:15]: §3[nLogin] [DEBUG] Loading database...
[2024/12/29 07:10:18]: §3[nLogin] [DEBUG] Starting logger filter...
[2024/12/29 07:11:17]: 
[2024/12/29 07:11:17]:  §bThank you so much for choosing nLogin! §4<3
[2024/12/29 07:11:17]: 
[2024/12/29 07:11:17]:  §4For your safety, please read the message below:
[2024/12/29 07:11:17]:   §cNever download nLogin from unknown sources.
[2024/12/29 07:11:17]:   §cA modified version may contain malicious software.
[2024/12/29 07:11:17]: 
[2024/12/29 07:11:17]:  §3Trusted sources:
[2024/12/29 07:11:17]:   §bwww.nickuc.com
[2024/12/29 07:11:17]:   §bwww.github.com/nickuc
[2024/12/29 07:11:17]:   §bOpeNLogin installer (from Spigot or GitHub)
[2024/12/29 07:11:17]: 
[2024/12/29 07:11:17]:  §3Official support channels:
[2024/12/29 07:11:17]:   §bDiscord group: §fwww.nickuc.com/discord
[2024/12/29 07:11:17]:   §bDocumentation: §fdocs.nickuc.com/nlogin/
[2024/12/29 07:11:17]:   §bEmail: §fsupport@nickuc.com
[2024/12/29 07:11:17]:   §bYouTube: §fyoutube.com/nickuc
[2024/12/29 07:11:17]: 
[2024/12/29 07:11:17]:  §eTo remove this warning, log in with "nlogin.admin" permission on the server
[2024/12/29 07:11:17]:  §eand click the "Setup plugin" button to configure your plugin.
[2024/12/29 07:11:17]: 
[2024/12/29 07:14:04]: [nLogin] Successful plugin core shutdown (took 0.29s)
