23:12 ELWolfxx  : hola?
23:13 wayuunaikii: waza
23:13 ELWolfxx   : hey
23:13 wayuunaikii: discord
23:13 wayuunaikii: ?
23:14 ELWolfxx   : awanta
23:14 ELWolfxx   : es que no me dejan
23:16 wayuunaikii: discord??
23:16 wayuunaikii: nmms
23:16 wayuunaikii: tremnenda ingnorada
23:16 ELWolfxx   : awanta
23:17 ELWolfxx   : es que voy a salir a comprar algo xD
23:17 ELWolfxx   : no me tardo mucho
23:17 wayuunaikii: jsjsjs
23:17 wayuunaikii: dale
23:18 ELWolfxx   : xD
23:18 wayuunaikii: su puta mrd
23:20 ELWolfxx   : no me tardo wayu
23:20 ELWolfxx   : llego y ahora si a dc y a madrugar al maicra xD
23:21 wayuunaikii: va
23:41 wayuunaikii placed suspicious WATER_BUCKET @ world: x-1063, z-715
