[15:16:25] [ServerMain/INFO]: [bootstrap] Running Java 21 (OpenJDK 64-Bit Server VM 21.0.5+11-Ubuntu-1ubuntu120.04; Ubuntu null) on Linux 6.5.0-1025-azure (amd64)
[15:16:25] [ServerMain/INFO]: [bootstrap] Loading Paper 1.21.3-63-master@4190ee7 (2024-11-25T18:59:19Z) for Minecraft 1.21.3
[15:16:25] [ServerMain/INFO]: [PluginInitializerManager] Initializing plugins...
[15:16:25] [ServerMain/INFO]: [PluginInitializerManager] Initialized 0 plugins
[15:16:26] [Paper Plugin Remapper Thread - 0/INFO]: [ReobfServer] Remapping server...
[15:16:31] [ServerMain/INFO]: Environment: Environment[sessionHost=https://sessionserver.mojang.com, servicesHost=https://api.minecraftservices.com, name=PROD]
[15:16:31] [ServerMain/INFO]: Found new data pack file/bukkit, loading it automatically
[15:16:31] [ServerMain/INFO]: Found new data pack paper, loading it automatically
[15:16:33] [ServerMain/INFO]: No existing world data, creating new world
[15:16:34] [ServerMain/INFO]: Loaded 1337 recipes
[15:16:34] [ServerMain/INFO]: Loaded 1448 advancements
[15:16:34] [Server thread/INFO]: Starting minecraft server version 1.21.3
[15:16:34] [Server thread/INFO]: Loading properties
[15:16:34] [Server thread/INFO]: This server is running Paper version 1.21.3-63-master@4190ee7 (2024-11-25T18:59:19Z) (Implementing API version 1.21.3-R0.1-SNAPSHOT)
[15:16:35] [Paper Plugin Remapper Thread - 0/INFO]: [ReobfServer] Done remapping server in 8178ms.
[15:16:35] [Server thread/INFO]: [spark] This server bundles the spark profiler. For more information please visit https://docs.papermc.io/paper/profiling
[15:16:35] [Server thread/INFO]: Server Ping Player Sample Count: 12
[15:16:35] [Server thread/INFO]: Using 4 threads for Netty based IO
[15:16:36] [Server thread/INFO]: [MoonriseCommon] Paper is using 1 worker threads, 1 I/O threads
[15:16:36] [Server thread/INFO]: [ChunkTaskScheduler] Chunk system is using population gen parallelism: true
[15:16:36] [Server thread/INFO]: Default game type: SURVIVAL
[15:16:36] [Server thread/INFO]: Generating keypair
[15:16:36] [Server thread/INFO]: Starting Minecraft server on *:25565
[15:16:36] [Server thread/INFO]: Using epoll channel type
[15:16:36] [Server thread/INFO]: Paper: Using libdeflate (Linux x86_64) compression from Velocity.
[15:16:36] [Server thread/INFO]: Paper: Using OpenSSL 1.1.x (Linux x86_64) cipher from Velocity.
[15:16:36] [Server thread/WARN]: **** SERVER IS RUNNING IN OFFLINE/INSECURE MODE!
[15:16:36] [Server thread/WARN]: The server will make no attempt to authenticate usernames. Beware.
[15:16:36] [Server thread/WARN]: While this makes the game possible to play without internet access, it also opens up the ability for hackers to connect with any username they choose.
[15:16:36] [Server thread/WARN]: To change this, set "online-mode" to "true" in the server.properties file.
[15:16:36] [Server thread/INFO]: Preparing level "world"
[15:16:42] [Paper Common Worker #0/INFO]: [MCTypeRegistry] Initialising converters for DataConverter...
[15:16:42] [Paper Common Worker #0/INFO]: [MCTypeRegistry] Finished initialising converters for DataConverter in 220.8ms
[15:16:47] [Server thread/INFO]: Preparing start region for dimension minecraft:overworld
[15:16:47] [Server thread/INFO]: Preparing spawn area: 2%
[15:16:48] [Server thread/INFO]: Preparing spawn area: 2%
[15:16:48] [Server thread/INFO]: Preparing spawn area: 2%
[15:16:49] [Server thread/INFO]: Preparing spawn area: 2%
[15:16:49] [Server thread/INFO]: Preparing spawn area: 2%
[15:16:50] [Server thread/INFO]: Preparing spawn area: 18%
[15:16:50] [Server thread/INFO]: Preparing spawn area: 18%
[15:16:51] [Server thread/INFO]: Preparing spawn area: 18%
[15:16:51] [Server thread/INFO]: Preparing spawn area: 28%
[15:16:52] [Server thread/INFO]: Preparing spawn area: 44%
[15:16:52] [Server thread/INFO]: Preparing spawn area: 55%
[15:16:53] [Server thread/INFO]: Preparing spawn area: 55%
[15:16:53] [Server thread/INFO]: Time elapsed: 5987 ms
[15:16:53] [Server thread/INFO]: Preparing start region for dimension minecraft:the_nether
[15:16:53] [Server thread/INFO]: Preparing spawn area: 4%
[15:16:54] [Server thread/INFO]: Preparing spawn area: 24%
[15:16:54] [Server thread/INFO]: Preparing spawn area: 61%
[15:16:55] [Server thread/INFO]: Preparing spawn area: 85%
[15:16:55] [Server thread/INFO]: Time elapsed: 1660 ms
[15:16:55] [Server thread/INFO]: Preparing start region for dimension minecraft:the_end
[15:16:55] [Server thread/INFO]: Preparing spawn area: 2%
[15:16:55] [Server thread/INFO]: Time elapsed: 447 ms
[15:16:55] [Server thread/INFO]: [spark] Starting background profiler...
[15:16:55] [Server thread/INFO]: Done preparing level "world" (19.236s)
[15:16:55] [Server thread/INFO]: Running delayed init tasks
[15:16:55] [Server thread/INFO]: Done (31.404s)! For help, type "help"
[15:16:55] [Server thread/INFO]: *************************************************************************************
[15:16:55] [Server thread/INFO]: This is the first time you're starting this server.
[15:16:55] [Server thread/INFO]: It's recommended you read our 'Getting Started' documentation for guidance.
[15:16:55] [Server thread/INFO]: View this and more helpful information here: https://docs.papermc.io/paper/next-steps
[15:16:55] [Server thread/INFO]: *************************************************************************************
[15:21:38] [User Authenticator #0/INFO]: UUID of player AleKkSs01 is c155267b-de09-364f-97ac-430c17393b2c
[15:21:40] [Server thread/INFO]: AleKkSs01 joined the game
[15:21:40] [Server thread/INFO]: AleKkSs01[/[0:0:0:0:0:0:0:1%0]:34548] logged in with entity id 27 at ([world]-371.5, 94.0, -231.5)
[15:22:35] [Server thread/INFO]: Unknown or incomplete command, see below for error
x<--[HERE]
[15:22:43] [Server thread/INFO]: AleKkSs01 lost connection: Timed out
[15:22:43] [Server thread/INFO]: AleKkSs01 left the game
